-- Found ament_cmake: 1.3.11 (/opt/ros/humble/share/ament_cmake/cmake)
-- Found rclcpp: 16.0.12 (/opt/ros/humble/share/rclcpp/cmake)
-- Found rosidl_generator_c: 3.1.6 (/opt/ros/humble/share/rosidl_generator_c/cmake)
-- Found rosidl_adapter: 3.1.6 (/opt/ros/humble/share/rosidl_adapter/cmake)
-- Found rosidl_generator_cpp: 3.1.6 (/opt/ros/humble/share/rosidl_generator_cpp/cmake)
-- Using all available rosidl_typesupport_c: rosidl_typesupport_fastrtps_c;rosidl_typesupport_introspection_c
-- Using all available rosidl_typesupport_cpp: rosidl_typesupport_fastrtps_cpp;rosidl_typesupport_introspection_cpp
-- Found rmw_implementation_cmake: 6.1.2 (/opt/ros/humble/share/rmw_implementation_cmake/cmake)
-- Found rmw_fastrtps_cpp: 6.2.7 (/opt/ros/humble/share/rmw_fastrtps_cpp/cmake)
-- Using RMW implementation 'rmw_fastrtps_cpp' as default
-- Found ament_lint_auto: 0.12.12 (/opt/ros/humble/share/ament_lint_auto/cmake)
-- Added test 'cppcheck' to perform static code analysis on C / C++ code
-- Configured cppcheck include dirs: 
-- Configured cppcheck exclude dirs and/or files: 
-- Added test 'lint_cmake' to check CMake code style
-- Added test 'uncrustify' to check C / C++ code style
-- Configured uncrustify additional arguments: 
-- Added test 'xmllint' to check XML markup files
-- Configuring done
-- Generating done
-- Build files have been written to: /root/ros2_ws/src/build/cpp_pubsub
[ 50%] [32mBuilding CXX object CMakeFiles/subscriber.dir/src/subscriber.cpp.o[0m
[ 50%] [32mBuilding CXX object CMakeFiles/publicador.dir/src/publicador.cpp.o[0m
[01m[K/root/ros2_ws/src/cpp_pubsub/src/publicador.cpp:[m[K In member function â€˜[01m[Kvoid MinimalPublisher::timer_callback()[m[Kâ€™:
[01m[K/root/ros2_ws/src/cpp_pubsub/src/publicador.cpp:24:65:[m[K [01;31m[Kerror: [m[KISO C++ forbids taking the address of an unqualified or parenthesized non-static member function to form a pointer to member function.  Say â€˜[01m[K&MinimalPublisher::now[m[Kâ€™ [[01;31m[K-fpermissive[m[K]
   24 |         message.data = "Hora actual:" + std::string(std::ctime(&[01;31m[Know[m[K));
      |                                                                 [01;31m[K^~~[m[K
[01m[K/root/ros2_ws/src/cpp_pubsub/src/publicador.cpp:24:64:[m[K [01;31m[Kerror: [m[Kcannot convert â€˜[01m[Krclcpp::Time (rclcpp::Node::*)() const[m[Kâ€™ to â€˜[01m[Kconst time_t*[m[Kâ€™ {aka â€˜[01m[Kconst long int*[m[Kâ€™}
   24 |         message.data = "Hora actual:" + std::string(std::ctime([01;31m[K&now[m[K));
      |                                                                [01;31m[K^~~~[m[K
      |                                                                [01;31m[K|[m[K
      |                                                                [01;31m[Krclcpp::Time (rclcpp::Node::*)() const[m[K
In file included from [01m[K/usr/include/pthread.h:23[m[K,
                 from [01m[K/usr/include/x86_64-linux-gnu/c++/11/bits/gthr-default.h:35[m[K,
                 from [01m[K/usr/include/x86_64-linux-gnu/c++/11/bits/gthr.h:148[m[K,
                 from [01m[K/usr/include/c++/11/ext/atomicity.h:35[m[K,
                 from [01m[K/usr/include/c++/11/bits/shared_ptr_base.h:61[m[K,
                 from [01m[K/usr/include/c++/11/bits/shared_ptr.h:53[m[K,
                 from [01m[K/usr/include/c++/11/memory:77[m[K,
                 from [01m[K/opt/ros/humble/include/rclcpp/rclcpp/rclcpp.hpp:153[m[K,
                 from [01m[K/root/ros2_ws/src/cpp_pubsub/src/publicador.cpp:1[m[K:
[01m[K/usr/include/time.h:183:35:[m[K [01;36m[Knote: [m[K  initializing argument 1 of â€˜[01m[Kchar* ctime(const time_t*)[m[Kâ€™
  183 | extern char *ctime ([01;36m[Kconst time_t *__timer[m[K) __THROW;
      |                     [01;36m[K~~~~~~~~~~~~~~^~~~~~~[m[K
gmake[2]: *** [CMakeFiles/publicador.dir/build.make:76: CMakeFiles/publicador.dir/src/publicador.cpp.o] Error 1
gmake[1]: *** [CMakeFiles/Makefile2:139: CMakeFiles/publicador.dir/all] Error 2
gmake[1]: *** Waiting for unfinished jobs....
[ 75%] [32m[1mLinking CXX executable subscriber[0m
[ 75%] Built target subscriber
gmake: *** [Makefile:146: all] Error 2
