[0.101s] Invoking command in '/root/ros2_ws/src/build/cpp_pubsub': CMAKE_PREFIX_PATH=${CMAKE_PREFIX_PATH}:/opt/ros/humble /usr/bin/cmake --build /root/ros2_ws/src/build/cpp_pubsub -- -j16 -l16
[0.242s] -- Found ament_cmake: 1.3.11 (/opt/ros/humble/share/ament_cmake/cmake)
[0.431s] -- Found rclcpp: 16.0.12 (/opt/ros/humble/share/rclcpp/cmake)
[0.472s] -- Found rosidl_generator_c: 3.1.6 (/opt/ros/humble/share/rosidl_generator_c/cmake)
[0.475s] -- Found rosidl_adapter: 3.1.6 (/opt/ros/humble/share/rosidl_adapter/cmake)
[0.481s] -- Found rosidl_generator_cpp: 3.1.6 (/opt/ros/humble/share/rosidl_generator_cpp/cmake)
[0.497s] -- Using all available rosidl_typesupport_c: rosidl_typesupport_fastrtps_c;rosidl_typesupport_introspection_c
[0.517s] -- Using all available rosidl_typesupport_cpp: rosidl_typesupport_fastrtps_cpp;rosidl_typesupport_introspection_cpp
[0.562s] -- Found rmw_implementation_cmake: 6.1.2 (/opt/ros/humble/share/rmw_implementation_cmake/cmake)
[0.568s] -- Found rmw_fastrtps_cpp: 6.2.7 (/opt/ros/humble/share/rmw_fastrtps_cpp/cmake)
[0.923s] -- Using RMW implementation 'rmw_fastrtps_cpp' as default
[0.975s] -- Found ament_lint_auto: 0.12.12 (/opt/ros/humble/share/ament_lint_auto/cmake)
[1.459s] -- Added test 'cppcheck' to perform static code analysis on C / C++ code
[1.459s] -- Configured cppcheck include dirs: 
[1.460s] -- Configured cppcheck exclude dirs and/or files: 
[1.541s] -- Added test 'lint_cmake' to check CMake code style
[1.805s] -- Added test 'uncrustify' to check C / C++ code style
[1.806s] -- Configured uncrustify additional arguments: 
[1.836s] -- Added test 'xmllint' to check XML markup files
[1.903s] -- Configuring done
[2.366s] -- Generating done
[2.636s] -- Build files have been written to: /root/ros2_ws/src/build/cpp_pubsub
[2.755s] [ 50%] [32mBuilding CXX object CMakeFiles/subscriber.dir/src/subscriber.cpp.o[0m
[2.756s] [ 50%] [32mBuilding CXX object CMakeFiles/publicador.dir/src/publicador.cpp.o[0m
[5.941s] [01m[K/root/ros2_ws/src/cpp_pubsub/src/publicador.cpp:[m[K In member function â€˜[01m[Kvoid MinimalPublisher::timer_callback()[m[Kâ€™:
[5.942s] [01m[K/root/ros2_ws/src/cpp_pubsub/src/publicador.cpp:24:65:[m[K [01;31m[Kerror: [m[KISO C++ forbids taking the address of an unqualified or parenthesized non-static member function to form a pointer to member function.  Say â€˜[01m[K&MinimalPublisher::now[m[Kâ€™ [[01;31m[K-fpermissive[m[K]
[5.943s]    24 |         message.data = "Hora actual:" + std::string(std::ctime(&[01;31m[Know[m[K));
[5.944s]       |                                                                 [01;31m[K^~~[m[K
[5.945s] [01m[K/root/ros2_ws/src/cpp_pubsub/src/publicador.cpp:24:64:[m[K [01;31m[Kerror: [m[Kcannot convert â€˜[01m[Krclcpp::Time (rclcpp::Node::*)() const[m[Kâ€™ to â€˜[01m[Kconst time_t*[m[Kâ€™ {aka â€˜[01m[Kconst long int*[m[Kâ€™}
[5.946s]    24 |         message.data = "Hora actual:" + std::string(std::ctime([01;31m[K&now[m[K));
[5.947s]       |                                                                [01;31m[K^~~~[m[K
[5.948s]       |                                                                [01;31m[K|[m[K
[5.948s]       |                                                                [01;31m[Krclcpp::Time (rclcpp::Node::*)() const[m[K
[5.949s] In file included from [01m[K/usr/include/pthread.h:23[m[K,
[5.950s]                  from [01m[K/usr/include/x86_64-linux-gnu/c++/11/bits/gthr-default.h:35[m[K,
[5.951s]                  from [01m[K/usr/include/x86_64-linux-gnu/c++/11/bits/gthr.h:148[m[K,
[5.951s]                  from [01m[K/usr/include/c++/11/ext/atomicity.h:35[m[K,
[5.952s]                  from [01m[K/usr/include/c++/11/bits/shared_ptr_base.h:61[m[K,
[5.953s]                  from [01m[K/usr/include/c++/11/bits/shared_ptr.h:53[m[K,
[5.954s]                  from [01m[K/usr/include/c++/11/memory:77[m[K,
[5.955s]                  from [01m[K/opt/ros/humble/include/rclcpp/rclcpp/rclcpp.hpp:153[m[K,
[5.956s]                  from [01m[K/root/ros2_ws/src/cpp_pubsub/src/publicador.cpp:1[m[K:
[5.957s] [01m[K/usr/include/time.h:183:35:[m[K [01;36m[Knote: [m[K  initializing argument 1 of â€˜[01m[Kchar* ctime(const time_t*)[m[Kâ€™
[5.957s]   183 | extern char *ctime ([01;36m[Kconst time_t *__timer[m[K) __THROW;
[5.958s]       |                     [01;36m[K~~~~~~~~~~~~~~^~~~~~~[m[K
[6.872s] gmake[2]: *** [CMakeFiles/publicador.dir/build.make:76: CMakeFiles/publicador.dir/src/publicador.cpp.o] Error 1
[6.874s] gmake[1]: *** [CMakeFiles/Makefile2:139: CMakeFiles/publicador.dir/all] Error 2
[6.875s] gmake[1]: *** Waiting for unfinished jobs....
[12.572s] [ 75%] [32m[1mLinking CXX executable subscriber[0m
[15.572s] [ 75%] Built target subscriber
[15.574s] gmake: *** [Makefile:146: all] Error 2
[15.578s] Invoked command in '/root/ros2_ws/src/build/cpp_pubsub' returned '2': CMAKE_PREFIX_PATH=${CMAKE_PREFIX_PATH}:/opt/ros/humble /usr/bin/cmake --build /root/ros2_ws/src/build/cpp_pubsub -- -j16 -l16
