[0.110s] Invoking command in '/root/ros2_ws/src/build/cpp_pubsub': CMAKE_PREFIX_PATH=${CMAKE_PREFIX_PATH}:/opt/ros/humble /usr/bin/cmake --build /root/ros2_ws/src/build/cpp_pubsub -- -j16 -l16
[0.354s] [35m[1mConsolidate compiler generated dependencies of target publicador[0m
[0.355s] [35m[1mConsolidate compiler generated dependencies of target subscriber[0m
[0.957s] [ 75%] [32mBuilding CXX object CMakeFiles/publicador.dir/src/publicador.cpp.o[0m
[0.958s] [ 75%] Built target subscriber
[4.080s] [01m[K/root/ros2_ws/src/cpp_pubsub/src/publicador.cpp:[m[K In member function â€˜[01m[Kvoid MinimalPublisher::timer_callback()[m[Kâ€™:
[4.081s] [01m[K/root/ros2_ws/src/cpp_pubsub/src/publicador.cpp:26:65:[m[K [01;31m[Kerror: [m[KISO C++ forbids taking the address of an unqualified or parenthesized non-static member function to form a pointer to member function.  Say â€˜[01m[K&MinimalPublisher::now[m[Kâ€™ [[01;31m[K-fpermissive[m[K]
[4.082s]    26 |         message.data = "Hora actual:" + std::string(std::ctime(&[01;31m[Know[m[K));
[4.083s]       |                                                                 [01;31m[K^~~[m[K
[4.084s] [01m[K/root/ros2_ws/src/cpp_pubsub/src/publicador.cpp:26:64:[m[K [01;31m[Kerror: [m[Kcannot convert â€˜[01m[Krclcpp::Time (rclcpp::Node::*)() const[m[Kâ€™ to â€˜[01m[Kconst time_t*[m[Kâ€™ {aka â€˜[01m[Kconst long int*[m[Kâ€™}
[4.085s]    26 |         message.data = "Hora actual:" + std::string(std::ctime([01;31m[K&now[m[K));
[4.085s]       |                                                                [01;31m[K^~~~[m[K
[4.086s]       |                                                                [01;31m[K|[m[K
[4.087s]       |                                                                [01;31m[Krclcpp::Time (rclcpp::Node::*)() const[m[K
[4.088s] In file included from [01m[K/usr/include/pthread.h:23[m[K,
[4.089s]                  from [01m[K/usr/include/x86_64-linux-gnu/c++/11/bits/gthr-default.h:35[m[K,
[4.089s]                  from [01m[K/usr/include/x86_64-linux-gnu/c++/11/bits/gthr.h:148[m[K,
[4.090s]                  from [01m[K/usr/include/c++/11/ext/atomicity.h:35[m[K,
[4.091s]                  from [01m[K/usr/include/c++/11/bits/shared_ptr_base.h:61[m[K,
[4.092s]                  from [01m[K/usr/include/c++/11/bits/shared_ptr.h:53[m[K,
[4.092s]                  from [01m[K/usr/include/c++/11/memory:77[m[K,
[4.093s]                  from [01m[K/opt/ros/humble/include/rclcpp/rclcpp/rclcpp.hpp:153[m[K,
[4.094s]                  from [01m[K/root/ros2_ws/src/cpp_pubsub/src/publicador.cpp:1[m[K:
[4.095s] [01m[K/usr/include/time.h:183:35:[m[K [01;36m[Knote: [m[K  initializing argument 1 of â€˜[01m[Kchar* ctime(const time_t*)[m[Kâ€™
[4.096s]   183 | extern char *ctime ([01;36m[Kconst time_t *__timer[m[K) __THROW;
[4.097s]       |                     [01;36m[K~~~~~~~~~~~~~~^~~~~~~[m[K
[4.998s] gmake[2]: *** [CMakeFiles/publicador.dir/build.make:76: CMakeFiles/publicador.dir/src/publicador.cpp.o] Error 1
[5.001s] gmake[1]: *** [CMakeFiles/Makefile2:139: CMakeFiles/publicador.dir/all] Error 2
[5.001s] gmake: *** [Makefile:146: all] Error 2
[5.005s] Invoked command in '/root/ros2_ws/src/build/cpp_pubsub' returned '2': CMAKE_PREFIX_PATH=${CMAKE_PREFIX_PATH}:/opt/ros/humble /usr/bin/cmake --build /root/ros2_ws/src/build/cpp_pubsub -- -j16 -l16
